<?xml version="1.0" encoding="UTF-8"?>
<testsuite xmlns:xsi="http://www.w3.org/2001/XMLSchema-instance" xsi:noNamespaceSchemaLocation="https://maven.apache.org/surefire/maven-surefire-plugin/xsd/surefire-test-report-3.0.xsd" version="3.0" name="com.example.demo.DemoApplicationTests" time="13.972" tests="1" errors="0" skipped="0" failures="0">
  <properties>
    <property name="java.specification.version" value="21"/>
    <property name="sun.cpu.isalist" value="amd64"/>
    <property name="sun.jnu.encoding" value="Cp1252"/>
    <property name="java.class.path" value="C:\Users\sushil.kumari\Documents\workspace-spring-tool-suite-4-4.23.1.RELEASE\demo\target\test-classes;C:\Users\sushil.kumari\Documents\workspace-spring-tool-suite-4-4.23.1.RELEASE\demo\target\classes;C:\Users\sushil.kumari\.m2\repository\org\springframework\boot\spring-boot-starter-web\3.3.3\spring-boot-starter-web-3.3.3.jar;C:\Users\sushil.kumari\.m2\repository\org\springframework\boot\spring-boot-starter\3.3.3\spring-boot-starter-3.3.3.jar;C:\Users\sushil.kumari\.m2\repository\org\springframework\boot\spring-boot-starter-logging\3.3.3\spring-boot-starter-logging-3.3.3.jar;C:\Users\sushil.kumari\.m2\repository\ch\qos\logback\logback-classic\1.5.7\logback-classic-1.5.7.jar;C:\Users\sushil.kumari\.m2\repository\ch\qos\logback\logback-core\1.5.7\logback-core-1.5.7.jar;C:\Users\sushil.kumari\.m2\repository\org\apache\logging\log4j\log4j-to-slf4j\2.23.1\log4j-to-slf4j-2.23.1.jar;C:\Users\sushil.kumari\.m2\repository\org\apache\logging\log4j\log4j-api\2.23.1\log4j-api-2.23.1.jar;C:\Users\sushil.kumari\.m2\repository\org\slf4j\jul-to-slf4j\2.0.16\jul-to-slf4j-2.0.16.jar;C:\Users\sushil.kumari\.m2\repository\jakarta\annotation\jakarta.annotation-api\2.1.1\jakarta.annotation-api-2.1.1.jar;C:\Users\sushil.kumari\.m2\repository\org\yaml\snakeyaml\2.2\snakeyaml-2.2.jar;C:\Users\sushil.kumari\.m2\repository\org\springframework\boot\spring-boot-starter-json\3.3.3\spring-boot-starter-json-3.3.3.jar;C:\Users\sushil.kumari\.m2\repository\com\fasterxml\jackson\datatype\jackson-datatype-jdk8\2.17.2\jackson-datatype-jdk8-2.17.2.jar;C:\Users\sushil.kumari\.m2\repository\com\fasterxml\jackson\datatype\jackson-datatype-jsr310\2.17.2\jackson-datatype-jsr310-2.17.2.jar;C:\Users\sushil.kumari\.m2\repository\com\fasterxml\jackson\module\jackson-module-parameter-names\2.17.2\jackson-module-parameter-names-2.17.2.jar;C:\Users\sushil.kumari\.m2\repository\org\springframework\boot\spring-boot-starter-tomcat\3.3.3\spring-boot-starter-tomcat-3.3.3.jar;C:\Users\sushil.kumari\.m2\repository\org\apache\tomcat\embed\tomcat-embed-websocket\10.1.28\tomcat-embed-websocket-10.1.28.jar;C:\Users\sushil.kumari\.m2\repository\org\springframework\spring-web\6.1.12\spring-web-6.1.12.jar;C:\Users\sushil.kumari\.m2\repository\io\micrometer\micrometer-observation\1.13.3\micrometer-observation-1.13.3.jar;C:\Users\sushil.kumari\.m2\repository\io\micrometer\micrometer-commons\1.13.3\micrometer-commons-1.13.3.jar;C:\Users\sushil.kumari\.m2\repository\org\springframework\boot\spring-boot-starter-web-services\3.3.3\spring-boot-starter-web-services-3.3.3.jar;C:\Users\sushil.kumari\.m2\repository\com\sun\xml\messaging\saaj\saaj-impl\3.0.4\saaj-impl-3.0.4.jar;C:\Users\sushil.kumari\.m2\repository\jakarta\xml\soap\jakarta.xml.soap-api\3.0.2\jakarta.xml.soap-api-3.0.2.jar;C:\Users\sushil.kumari\.m2\repository\org\jvnet\staxex\stax-ex\2.1.0\stax-ex-2.1.0.jar;C:\Users\sushil.kumari\.m2\repository\jakarta\xml\ws\jakarta.xml.ws-api\4.0.2\jakarta.xml.ws-api-4.0.2.jar;C:\Users\sushil.kumari\.m2\repository\org\springframework\spring-oxm\6.1.12\spring-oxm-6.1.12.jar;C:\Users\sushil.kumari\.m2\repository\org\springframework\ws\spring-ws-core\4.0.11\spring-ws-core-4.0.11.jar;C:\Users\sushil.kumari\.m2\repository\org\springframework\ws\spring-xml\4.0.11\spring-xml-4.0.11.jar;C:\Users\sushil.kumari\.m2\repository\org\springframework\spring-webmvc\6.1.12\spring-webmvc-6.1.12.jar;C:\Users\sushil.kumari\.m2\repository\org\springframework\spring-aop\6.1.12\spring-aop-6.1.12.jar;C:\Users\sushil.kumari\.m2\repository\org\springframework\spring-beans\6.1.12\spring-beans-6.1.12.jar;C:\Users\sushil.kumari\.m2\repository\org\springframework\spring-context\6.1.12\spring-context-6.1.12.jar;C:\Users\sushil.kumari\.m2\repository\org\springframework\spring-core\6.1.12\spring-core-6.1.12.jar;C:\Users\sushil.kumari\.m2\repository\org\springframework\spring-jcl\6.1.12\spring-jcl-6.1.12.jar;C:\Users\sushil.kumari\.m2\repository\org\springframework\spring-expression\6.1.12\spring-expression-6.1.12.jar;C:\Users\sushil.kumari\.m2\repository\org\springframework\boot\spring-boot-starter-test\3.3.3\spring-boot-starter-test-3.3.3.jar;C:\Users\sushil.kumari\.m2\repository\org\springframework\boot\spring-boot-test\3.3.3\spring-boot-test-3.3.3.jar;C:\Users\sushil.kumari\.m2\repository\org\springframework\boot\spring-boot-test-autoconfigure\3.3.3\spring-boot-test-autoconfigure-3.3.3.jar;C:\Users\sushil.kumari\.m2\repository\com\jayway\jsonpath\json-path\2.9.0\json-path-2.9.0.jar;C:\Users\sushil.kumari\.m2\repository\org\slf4j\slf4j-api\2.0.16\slf4j-api-2.0.16.jar;C:\Users\sushil.kumari\.m2\repository\jakarta\xml\bind\jakarta.xml.bind-api\4.0.2\jakarta.xml.bind-api-4.0.2.jar;C:\Users\sushil.kumari\.m2\repository\net\minidev\json-smart\2.5.1\json-smart-2.5.1.jar;C:\Users\sushil.kumari\.m2\repository\net\minidev\accessors-smart\2.5.1\accessors-smart-2.5.1.jar;C:\Users\sushil.kumari\.m2\repository\org\ow2\asm\asm\9.6\asm-9.6.jar;C:\Users\sushil.kumari\.m2\repository\org\assertj\assertj-core\3.25.3\assertj-core-3.25.3.jar;C:\Users\sushil.kumari\.m2\repository\org\awaitility\awaitility\4.2.2\awaitility-4.2.2.jar;C:\Users\sushil.kumari\.m2\repository\org\hamcrest\hamcrest\2.2\hamcrest-2.2.jar;C:\Users\sushil.kumari\.m2\repository\org\junit\jupiter\junit-jupiter\5.10.3\junit-jupiter-5.10.3.jar;C:\Users\sushil.kumari\.m2\repository\org\junit\jupiter\junit-jupiter-api\5.10.3\junit-jupiter-api-5.10.3.jar;C:\Users\sushil.kumari\.m2\repository\org\opentest4j\opentest4j\1.3.0\opentest4j-1.3.0.jar;C:\Users\sushil.kumari\.m2\repository\org\junit\platform\junit-platform-commons\1.10.3\junit-platform-commons-1.10.3.jar;C:\Users\sushil.kumari\.m2\repository\org\apiguardian\apiguardian-api\1.1.2\apiguardian-api-1.1.2.jar;C:\Users\sushil.kumari\.m2\repository\org\junit\jupiter\junit-jupiter-params\5.10.3\junit-jupiter-params-5.10.3.jar;C:\Users\sushil.kumari\.m2\repository\org\junit\jupiter\junit-jupiter-engine\5.10.3\junit-jupiter-engine-5.10.3.jar;C:\Users\sushil.kumari\.m2\repository\org\junit\platform\junit-platform-engine\1.10.3\junit-platform-engine-1.10.3.jar;C:\Users\sushil.kumari\.m2\repository\org\mockito\mockito-core\5.11.0\mockito-core-5.11.0.jar;C:\Users\sushil.kumari\.m2\repository\net\bytebuddy\byte-buddy-agent\1.14.19\byte-buddy-agent-1.14.19.jar;C:\Users\sushil.kumari\.m2\repository\org\objenesis\objenesis\3.3\objenesis-3.3.jar;C:\Users\sushil.kumari\.m2\repository\org\mockito\mockito-junit-jupiter\5.11.0\mockito-junit-jupiter-5.11.0.jar;C:\Users\sushil.kumari\.m2\repository\org\skyscreamer\jsonassert\1.5.3\jsonassert-1.5.3.jar;C:\Users\sushil.kumari\.m2\repository\com\vaadin\external\google\android-json\0.0.20131108.vaadin1\android-json-0.0.20131108.vaadin1.jar;C:\Users\sushil.kumari\.m2\repository\org\springframework\spring-test\6.1.12\spring-test-6.1.12.jar;C:\Users\sushil.kumari\.m2\repository\org\xmlunit\xmlunit-core\2.9.1\xmlunit-core-2.9.1.jar;C:\Users\sushil.kumari\.m2\repository\org\apache\tomcat\embed\tomcat-embed-jasper\10.1.28\tomcat-embed-jasper-10.1.28.jar;C:\Users\sushil.kumari\.m2\repository\org\apache\tomcat\embed\tomcat-embed-core\10.1.28\tomcat-embed-core-10.1.28.jar;C:\Users\sushil.kumari\.m2\repository\org\apache\tomcat\tomcat-annotations-api\10.1.28\tomcat-annotations-api-10.1.28.jar;C:\Users\sushil.kumari\.m2\repository\org\apache\tomcat\embed\tomcat-embed-el\10.1.28\tomcat-embed-el-10.1.28.jar;C:\Users\sushil.kumari\.m2\repository\org\eclipse\jdt\ecj\3.33.0\ecj-3.33.0.jar;C:\Users\sushil.kumari\.m2\repository\javax\servlet\jstl\1.2\jstl-1.2.jar;C:\Users\sushil.kumari\.m2\repository\org\springframework\boot\spring-boot-devtools\3.3.3\spring-boot-devtools-3.3.3.jar;C:\Users\sushil.kumari\.m2\repository\org\springframework\boot\spring-boot\3.3.3\spring-boot-3.3.3.jar;C:\Users\sushil.kumari\.m2\repository\org\springframework\boot\spring-boot-autoconfigure\3.3.3\spring-boot-autoconfigure-3.3.3.jar;C:\Users\sushil.kumari\.m2\repository\junit\junit\4.13.2\junit-4.13.2.jar;C:\Users\sushil.kumari\.m2\repository\org\hamcrest\hamcrest-core\2.2\hamcrest-core-2.2.jar;C:\Users\sushil.kumari\.m2\repository\org\projectlombok\lombok\1.18.34\lombok-1.18.34.jar;C:\Users\sushil.kumari\.m2\repository\com\h2database\h2\2.2.224\h2-2.2.224.jar;C:\Users\sushil.kumari\.m2\repository\org\hibernate\hibernate-core\5.6.14.Final\hibernate-core-5.6.14.Final.jar;C:\Users\sushil.kumari\.m2\repository\org\jboss\logging\jboss-logging\3.5.3.Final\jboss-logging-3.5.3.Final.jar;C:\Users\sushil.kumari\.m2\repository\javax\persistence\javax.persistence-api\2.2\javax.persistence-api-2.2.jar;C:\Users\sushil.kumari\.m2\repository\net\bytebuddy\byte-buddy\1.14.19\byte-buddy-1.14.19.jar;C:\Users\sushil.kumari\.m2\repository\antlr\antlr\2.7.7\antlr-2.7.7.jar;C:\Users\sushil.kumari\.m2\repository\org\jboss\spec\javax\transaction\jboss-transaction-api_1.2_spec\1.1.1.Final\jboss-transaction-api_1.2_spec-1.1.1.Final.jar;C:\Users\sushil.kumari\.m2\repository\org\jboss\jandex\2.4.2.Final\jandex-2.4.2.Final.jar;C:\Users\sushil.kumari\.m2\repository\com\fasterxml\classmate\1.7.0\classmate-1.7.0.jar;C:\Users\sushil.kumari\.m2\repository\javax\activation\javax.activation-api\1.2.0\javax.activation-api-1.2.0.jar;C:\Users\sushil.kumari\.m2\repository\org\hibernate\common\hibernate-commons-annotations\5.1.2.Final\hibernate-commons-annotations-5.1.2.Final.jar;C:\Users\sushil.kumari\.m2\repository\javax\xml\bind\jaxb-api\2.3.1\jaxb-api-2.3.1.jar;C:\Users\sushil.kumari\.m2\repository\org\glassfish\jaxb\jaxb-core\4.0.5\jaxb-core-4.0.5.jar;C:\Users\sushil.kumari\.m2\repository\jakarta\activation\jakarta.activation-api\2.1.3\jakarta.activation-api-2.1.3.jar;C:\Users\sushil.kumari\.m2\repository\org\eclipse\angus\angus-activation\2.0.2\angus-activation-2.0.2.jar;C:\Users\sushil.kumari\.m2\repository\org\glassfish\jaxb\txw2\4.0.5\txw2-4.0.5.jar;C:\Users\sushil.kumari\.m2\repository\com\sun\istack\istack-commons-runtime\4.1.2\istack-commons-runtime-4.1.2.jar;C:\Users\sushil.kumari\.m2\repository\com\fasterxml\jackson\module\jackson-module-jaxb-annotations\2.17.2\jackson-module-jaxb-annotations-2.17.2.jar;C:\Users\sushil.kumari\.m2\repository\com\fasterxml\jackson\core\jackson-annotations\2.17.2\jackson-annotations-2.17.2.jar;C:\Users\sushil.kumari\.m2\repository\com\fasterxml\jackson\core\jackson-core\2.17.2\jackson-core-2.17.2.jar;C:\Users\sushil.kumari\.m2\repository\com\fasterxml\jackson\core\jackson-databind\2.17.2\jackson-databind-2.17.2.jar;C:\Users\sushil.kumari\.m2\repository\org\glassfish\jaxb\jaxb-xjc\4.0.5\jaxb-xjc-4.0.5.jar;C:\Users\sushil.kumari\.m2\repository\org\glassfish\jaxb\xsom\4.0.5\xsom-4.0.5.jar;C:\Users\sushil.kumari\.m2\repository\com\sun\xml\bind\external\relaxng-datatype\4.0.5\relaxng-datatype-4.0.5.jar;C:\Users\sushil.kumari\.m2\repository\org\glassfish\jaxb\codemodel\4.0.5\codemodel-4.0.5.jar;C:\Users\sushil.kumari\.m2\repository\com\sun\xml\bind\external\rngom\4.0.5\rngom-4.0.5.jar;C:\Users\sushil.kumari\.m2\repository\com\sun\xml\dtd-parser\dtd-parser\1.5.1\dtd-parser-1.5.1.jar;C:\Users\sushil.kumari\.m2\repository\com\sun\istack\istack-commons-tools\4.1.2\istack-commons-tools-4.1.2.jar;C:\Users\sushil.kumari\.m2\repository\javax\activation\activation\1.1\activation-1.1.jar;C:\Users\sushil.kumari\.m2\repository\org\glassfish\jaxb\jaxb-runtime\4.0.5\jaxb-runtime-4.0.5.jar;"/>
    <property name="java.vm.vendor" value="Eclipse Adoptium"/>
    <property name="sun.arch.data.model" value="64"/>
    <property name="user.variant" value=""/>
    <property name="java.vendor.url" value="https://adoptium.net/"/>
    <property name="user.timezone" value="Asia/Calcutta"/>
    <property name="org.jboss.logging.provider" value="slf4j"/>
    <property name="os.name" value="Windows 11"/>
    <property name="java.vm.specification.version" value="21"/>
    <property name="sun.java.launcher" value="SUN_STANDARD"/>
    <property name="user.country" value="US"/>
    <property name="sun.boot.library.path" value="C:\Users\sushil.kumari\Desktop\Interview_practice\sts-4.23.1.RELEASE\plugins\org.eclipse.justj.openjdk.hotspot.jre.full.win32.x86_64_21.0.3.v20240426-1530\jre\bin"/>
    <property name="sun.java.command" value="C:\Users\sushil.kumari\AppData\Local\Temp\surefire12622829897817171347\surefirebooter-20240827195741598_3.jar C:\Users\sushil.kumari\AppData\Local\Temp\surefire12622829897817171347 2024-08-27T19-57-40_411-jvmRun1 surefire-20240827195741598_1tmp surefire_0-20240827195741598_2tmp"/>
    <property name="jdk.debug" value="release"/>
    <property name="surefire.test.class.path" value="C:\Users\sushil.kumari\Documents\workspace-spring-tool-suite-4-4.23.1.RELEASE\demo\target\test-classes;C:\Users\sushil.kumari\Documents\workspace-spring-tool-suite-4-4.23.1.RELEASE\demo\target\classes;C:\Users\sushil.kumari\.m2\repository\org\springframework\boot\spring-boot-starter-web\3.3.3\spring-boot-starter-web-3.3.3.jar;C:\Users\sushil.kumari\.m2\repository\org\springframework\boot\spring-boot-starter\3.3.3\spring-boot-starter-3.3.3.jar;C:\Users\sushil.kumari\.m2\repository\org\springframework\boot\spring-boot-starter-logging\3.3.3\spring-boot-starter-logging-3.3.3.jar;C:\Users\sushil.kumari\.m2\repository\ch\qos\logback\logback-classic\1.5.7\logback-classic-1.5.7.jar;C:\Users\sushil.kumari\.m2\repository\ch\qos\logback\logback-core\1.5.7\logback-core-1.5.7.jar;C:\Users\sushil.kumari\.m2\repository\org\apache\logging\log4j\log4j-to-slf4j\2.23.1\log4j-to-slf4j-2.23.1.jar;C:\Users\sushil.kumari\.m2\repository\org\apache\logging\log4j\log4j-api\2.23.1\log4j-api-2.23.1.jar;C:\Users\sushil.kumari\.m2\repository\org\slf4j\jul-to-slf4j\2.0.16\jul-to-slf4j-2.0.16.jar;C:\Users\sushil.kumari\.m2\repository\jakarta\annotation\jakarta.annotation-api\2.1.1\jakarta.annotation-api-2.1.1.jar;C:\Users\sushil.kumari\.m2\repository\org\yaml\snakeyaml\2.2\snakeyaml-2.2.jar;C:\Users\sushil.kumari\.m2\repository\org\springframework\boot\spring-boot-starter-json\3.3.3\spring-boot-starter-json-3.3.3.jar;C:\Users\sushil.kumari\.m2\repository\com\fasterxml\jackson\datatype\jackson-datatype-jdk8\2.17.2\jackson-datatype-jdk8-2.17.2.jar;C:\Users\sushil.kumari\.m2\repository\com\fasterxml\jackson\datatype\jackson-datatype-jsr310\2.17.2\jackson-datatype-jsr310-2.17.2.jar;C:\Users\sushil.kumari\.m2\repository\com\fasterxml\jackson\module\jackson-module-parameter-names\2.17.2\jackson-module-parameter-names-2.17.2.jar;C:\Users\sushil.kumari\.m2\repository\org\springframework\boot\spring-boot-starter-tomcat\3.3.3\spring-boot-starter-tomcat-3.3.3.jar;C:\Users\sushil.kumari\.m2\repository\org\apache\tomcat\embed\tomcat-embed-websocket\10.1.28\tomcat-embed-websocket-10.1.28.jar;C:\Users\sushil.kumari\.m2\repository\org\springframework\spring-web\6.1.12\spring-web-6.1.12.jar;C:\Users\sushil.kumari\.m2\repository\io\micrometer\micrometer-observation\1.13.3\micrometer-observation-1.13.3.jar;C:\Users\sushil.kumari\.m2\repository\io\micrometer\micrometer-commons\1.13.3\micrometer-commons-1.13.3.jar;C:\Users\sushil.kumari\.m2\repository\org\springframework\boot\spring-boot-starter-web-services\3.3.3\spring-boot-starter-web-services-3.3.3.jar;C:\Users\sushil.kumari\.m2\repository\com\sun\xml\messaging\saaj\saaj-impl\3.0.4\saaj-impl-3.0.4.jar;C:\Users\sushil.kumari\.m2\repository\jakarta\xml\soap\jakarta.xml.soap-api\3.0.2\jakarta.xml.soap-api-3.0.2.jar;C:\Users\sushil.kumari\.m2\repository\org\jvnet\staxex\stax-ex\2.1.0\stax-ex-2.1.0.jar;C:\Users\sushil.kumari\.m2\repository\jakarta\xml\ws\jakarta.xml.ws-api\4.0.2\jakarta.xml.ws-api-4.0.2.jar;C:\Users\sushil.kumari\.m2\repository\org\springframework\spring-oxm\6.1.12\spring-oxm-6.1.12.jar;C:\Users\sushil.kumari\.m2\repository\org\springframework\ws\spring-ws-core\4.0.11\spring-ws-core-4.0.11.jar;C:\Users\sushil.kumari\.m2\repository\org\springframework\ws\spring-xml\4.0.11\spring-xml-4.0.11.jar;C:\Users\sushil.kumari\.m2\repository\org\springframework\spring-webmvc\6.1.12\spring-webmvc-6.1.12.jar;C:\Users\sushil.kumari\.m2\repository\org\springframework\spring-aop\6.1.12\spring-aop-6.1.12.jar;C:\Users\sushil.kumari\.m2\repository\org\springframework\spring-beans\6.1.12\spring-beans-6.1.12.jar;C:\Users\sushil.kumari\.m2\repository\org\springframework\spring-context\6.1.12\spring-context-6.1.12.jar;C:\Users\sushil.kumari\.m2\repository\org\springframework\spring-core\6.1.12\spring-core-6.1.12.jar;C:\Users\sushil.kumari\.m2\repository\org\springframework\spring-jcl\6.1.12\spring-jcl-6.1.12.jar;C:\Users\sushil.kumari\.m2\repository\org\springframework\spring-expression\6.1.12\spring-expression-6.1.12.jar;C:\Users\sushil.kumari\.m2\repository\org\springframework\boot\spring-boot-starter-test\3.3.3\spring-boot-starter-test-3.3.3.jar;C:\Users\sushil.kumari\.m2\repository\org\springframework\boot\spring-boot-test\3.3.3\spring-boot-test-3.3.3.jar;C:\Users\sushil.kumari\.m2\repository\org\springframework\boot\spring-boot-test-autoconfigure\3.3.3\spring-boot-test-autoconfigure-3.3.3.jar;C:\Users\sushil.kumari\.m2\repository\com\jayway\jsonpath\json-path\2.9.0\json-path-2.9.0.jar;C:\Users\sushil.kumari\.m2\repository\org\slf4j\slf4j-api\2.0.16\slf4j-api-2.0.16.jar;C:\Users\sushil.kumari\.m2\repository\jakarta\xml\bind\jakarta.xml.bind-api\4.0.2\jakarta.xml.bind-api-4.0.2.jar;C:\Users\sushil.kumari\.m2\repository\net\minidev\json-smart\2.5.1\json-smart-2.5.1.jar;C:\Users\sushil.kumari\.m2\repository\net\minidev\accessors-smart\2.5.1\accessors-smart-2.5.1.jar;C:\Users\sushil.kumari\.m2\repository\org\ow2\asm\asm\9.6\asm-9.6.jar;C:\Users\sushil.kumari\.m2\repository\org\assertj\assertj-core\3.25.3\assertj-core-3.25.3.jar;C:\Users\sushil.kumari\.m2\repository\org\awaitility\awaitility\4.2.2\awaitility-4.2.2.jar;C:\Users\sushil.kumari\.m2\repository\org\hamcrest\hamcrest\2.2\hamcrest-2.2.jar;C:\Users\sushil.kumari\.m2\repository\org\junit\jupiter\junit-jupiter\5.10.3\junit-jupiter-5.10.3.jar;C:\Users\sushil.kumari\.m2\repository\org\junit\jupiter\junit-jupiter-api\5.10.3\junit-jupiter-api-5.10.3.jar;C:\Users\sushil.kumari\.m2\repository\org\opentest4j\opentest4j\1.3.0\opentest4j-1.3.0.jar;C:\Users\sushil.kumari\.m2\repository\org\junit\platform\junit-platform-commons\1.10.3\junit-platform-commons-1.10.3.jar;C:\Users\sushil.kumari\.m2\repository\org\apiguardian\apiguardian-api\1.1.2\apiguardian-api-1.1.2.jar;C:\Users\sushil.kumari\.m2\repository\org\junit\jupiter\junit-jupiter-params\5.10.3\junit-jupiter-params-5.10.3.jar;C:\Users\sushil.kumari\.m2\repository\org\junit\jupiter\junit-jupiter-engine\5.10.3\junit-jupiter-engine-5.10.3.jar;C:\Users\sushil.kumari\.m2\repository\org\junit\platform\junit-platform-engine\1.10.3\junit-platform-engine-1.10.3.jar;C:\Users\sushil.kumari\.m2\repository\org\mockito\mockito-core\5.11.0\mockito-core-5.11.0.jar;C:\Users\sushil.kumari\.m2\repository\net\bytebuddy\byte-buddy-agent\1.14.19\byte-buddy-agent-1.14.19.jar;C:\Users\sushil.kumari\.m2\repository\org\objenesis\objenesis\3.3\objenesis-3.3.jar;C:\Users\sushil.kumari\.m2\repository\org\mockito\mockito-junit-jupiter\5.11.0\mockito-junit-jupiter-5.11.0.jar;C:\Users\sushil.kumari\.m2\repository\org\skyscreamer\jsonassert\1.5.3\jsonassert-1.5.3.jar;C:\Users\sushil.kumari\.m2\repository\com\vaadin\external\google\android-json\0.0.20131108.vaadin1\android-json-0.0.20131108.vaadin1.jar;C:\Users\sushil.kumari\.m2\repository\org\springframework\spring-test\6.1.12\spring-test-6.1.12.jar;C:\Users\sushil.kumari\.m2\repository\org\xmlunit\xmlunit-core\2.9.1\xmlunit-core-2.9.1.jar;C:\Users\sushil.kumari\.m2\repository\org\apache\tomcat\embed\tomcat-embed-jasper\10.1.28\tomcat-embed-jasper-10.1.28.jar;C:\Users\sushil.kumari\.m2\repository\org\apache\tomcat\embed\tomcat-embed-core\10.1.28\tomcat-embed-core-10.1.28.jar;C:\Users\sushil.kumari\.m2\repository\org\apache\tomcat\tomcat-annotations-api\10.1.28\tomcat-annotations-api-10.1.28.jar;C:\Users\sushil.kumari\.m2\repository\org\apache\tomcat\embed\tomcat-embed-el\10.1.28\tomcat-embed-el-10.1.28.jar;C:\Users\sushil.kumari\.m2\repository\org\eclipse\jdt\ecj\3.33.0\ecj-3.33.0.jar;C:\Users\sushil.kumari\.m2\repository\javax\servlet\jstl\1.2\jstl-1.2.jar;C:\Users\sushil.kumari\.m2\repository\org\springframework\boot\spring-boot-devtools\3.3.3\spring-boot-devtools-3.3.3.jar;C:\Users\sushil.kumari\.m2\repository\org\springframework\boot\spring-boot\3.3.3\spring-boot-3.3.3.jar;C:\Users\sushil.kumari\.m2\repository\org\springframework\boot\spring-boot-autoconfigure\3.3.3\spring-boot-autoconfigure-3.3.3.jar;C:\Users\sushil.kumari\.m2\repository\junit\junit\4.13.2\junit-4.13.2.jar;C:\Users\sushil.kumari\.m2\repository\org\hamcrest\hamcrest-core\2.2\hamcrest-core-2.2.jar;C:\Users\sushil.kumari\.m2\repository\org\projectlombok\lombok\1.18.34\lombok-1.18.34.jar;C:\Users\sushil.kumari\.m2\repository\com\h2database\h2\2.2.224\h2-2.2.224.jar;C:\Users\sushil.kumari\.m2\repository\org\hibernate\hibernate-core\5.6.14.Final\hibernate-core-5.6.14.Final.jar;C:\Users\sushil.kumari\.m2\repository\org\jboss\logging\jboss-logging\3.5.3.Final\jboss-logging-3.5.3.Final.jar;C:\Users\sushil.kumari\.m2\repository\javax\persistence\javax.persistence-api\2.2\javax.persistence-api-2.2.jar;C:\Users\sushil.kumari\.m2\repository\net\bytebuddy\byte-buddy\1.14.19\byte-buddy-1.14.19.jar;C:\Users\sushil.kumari\.m2\repository\antlr\antlr\2.7.7\antlr-2.7.7.jar;C:\Users\sushil.kumari\.m2\repository\org\jboss\spec\javax\transaction\jboss-transaction-api_1.2_spec\1.1.1.Final\jboss-transaction-api_1.2_spec-1.1.1.Final.jar;C:\Users\sushil.kumari\.m2\repository\org\jboss\jandex\2.4.2.Final\jandex-2.4.2.Final.jar;C:\Users\sushil.kumari\.m2\repository\com\fasterxml\classmate\1.7.0\classmate-1.7.0.jar;C:\Users\sushil.kumari\.m2\repository\javax\activation\javax.activation-api\1.2.0\javax.activation-api-1.2.0.jar;C:\Users\sushil.kumari\.m2\repository\org\hibernate\common\hibernate-commons-annotations\5.1.2.Final\hibernate-commons-annotations-5.1.2.Final.jar;C:\Users\sushil.kumari\.m2\repository\javax\xml\bind\jaxb-api\2.3.1\jaxb-api-2.3.1.jar;C:\Users\sushil.kumari\.m2\repository\org\glassfish\jaxb\jaxb-core\4.0.5\jaxb-core-4.0.5.jar;C:\Users\sushil.kumari\.m2\repository\jakarta\activation\jakarta.activation-api\2.1.3\jakarta.activation-api-2.1.3.jar;C:\Users\sushil.kumari\.m2\repository\org\eclipse\angus\angus-activation\2.0.2\angus-activation-2.0.2.jar;C:\Users\sushil.kumari\.m2\repository\org\glassfish\jaxb\txw2\4.0.5\txw2-4.0.5.jar;C:\Users\sushil.kumari\.m2\repository\com\sun\istack\istack-commons-runtime\4.1.2\istack-commons-runtime-4.1.2.jar;C:\Users\sushil.kumari\.m2\repository\com\fasterxml\jackson\module\jackson-module-jaxb-annotations\2.17.2\jackson-module-jaxb-annotations-2.17.2.jar;C:\Users\sushil.kumari\.m2\repository\com\fasterxml\jackson\core\jackson-annotations\2.17.2\jackson-annotations-2.17.2.jar;C:\Users\sushil.kumari\.m2\repository\com\fasterxml\jackson\core\jackson-core\2.17.2\jackson-core-2.17.2.jar;C:\Users\sushil.kumari\.m2\repository\com\fasterxml\jackson\core\jackson-databind\2.17.2\jackson-databind-2.17.2.jar;C:\Users\sushil.kumari\.m2\repository\org\glassfish\jaxb\jaxb-xjc\4.0.5\jaxb-xjc-4.0.5.jar;C:\Users\sushil.kumari\.m2\repository\org\glassfish\jaxb\xsom\4.0.5\xsom-4.0.5.jar;C:\Users\sushil.kumari\.m2\repository\com\sun\xml\bind\external\relaxng-datatype\4.0.5\relaxng-datatype-4.0.5.jar;C:\Users\sushil.kumari\.m2\repository\org\glassfish\jaxb\codemodel\4.0.5\codemodel-4.0.5.jar;C:\Users\sushil.kumari\.m2\repository\com\sun\xml\bind\external\rngom\4.0.5\rngom-4.0.5.jar;C:\Users\sushil.kumari\.m2\repository\com\sun\xml\dtd-parser\dtd-parser\1.5.1\dtd-parser-1.5.1.jar;C:\Users\sushil.kumari\.m2\repository\com\sun\istack\istack-commons-tools\4.1.2\istack-commons-tools-4.1.2.jar;C:\Users\sushil.kumari\.m2\repository\javax\activation\activation\1.1\activation-1.1.jar;C:\Users\sushil.kumari\.m2\repository\org\glassfish\jaxb\jaxb-runtime\4.0.5\jaxb-runtime-4.0.5.jar;"/>
    <property name="sun.cpu.endian" value="little"/>
    <property name="user.home" value="C:\Users\sushil.kumari"/>
    <property name="user.language" value="en"/>
    <property name="java.specification.vendor" value="Oracle Corporation"/>
    <property name="java.version.date" value="2024-04-16"/>
    <property name="java.home" value="C:\Users\sushil.kumari\Desktop\Interview_practice\sts-4.23.1.RELEASE\plugins\org.eclipse.justj.openjdk.hotspot.jre.full.win32.x86_64_21.0.3.v20240426-1530\jre"/>
    <property name="file.separator" value="\"/>
    <property name="basedir" value="C:\Users\sushil.kumari\Documents\workspace-spring-tool-suite-4-4.23.1.RELEASE\demo"/>
    <property name="style.color" value="always"/>
    <property name="java.vm.compressedOopsMode" value="Zero based"/>
    <property name="line.separator" value="&#10;"/>
    <property name="java.vm.specification.vendor" value="Oracle Corporation"/>
    <property name="java.specification.name" value="Java Platform API Specification"/>
    <property name="FILE_LOG_CHARSET" value="UTF-8"/>
    <property name="java.awt.headless" value="true"/>
    <property name="surefire.real.class.path" value="C:\Users\sushil.kumari\AppData\Local\Temp\surefire12622829897817171347\surefirebooter-20240827195741598_3.jar"/>
    <property name="user.script" value=""/>
    <property name="sun.management.compiler" value="HotSpot 64-Bit Tiered Compilers"/>
    <property name="java.runtime.version" value="21.0.3+9-LTS"/>
    <property name="user.name" value="sushil.kumari"/>
    <property name="stdout.encoding" value="Cp1252"/>
    <property name="path.separator" value=";"/>
    <property name="os.version" value="10.0"/>
    <property name="java.runtime.name" value="OpenJDK Runtime Environment"/>
    <property name="file.encoding" value="UTF-8"/>
    <property name="java.vm.name" value="OpenJDK 64-Bit Server VM"/>
    <property name="java.vendor.version" value="Temurin-21.0.3+9"/>
    <property name="localRepository" value="C:\Users\sushil.kumari\.m2\repository"/>
    <property name="java.vendor.url.bug" value="https://github.com/adoptium/adoptium-support/issues"/>
    <property name="java.io.tmpdir" value="C:\Users\sushil.kumari\AppData\Local\Temp\"/>
    <property name="java.version" value="21.0.3"/>
    <property name="user.dir" value="C:\Users\sushil.kumari\Documents\workspace-spring-tool-suite-4-4.23.1.RELEASE\demo"/>
    <property name="os.arch" value="amd64"/>
    <property name="java.vm.specification.name" value="Java Virtual Machine Specification"/>
    <property name="PID" value="11872"/>
    <property name="sun.os.patch.level" value=""/>
    <property name="CONSOLE_LOG_CHARSET" value="UTF-8"/>
    <property name="native.encoding" value="Cp1252"/>
    <property name="java.library.path" value="C:\Users\sushil.kumari\Desktop\Interview_practice\sts-4.23.1.RELEASE\plugins\org.eclipse.justj.openjdk.hotspot.jre.full.win32.x86_64_21.0.3.v20240426-1530\jre\bin;C:\windows\Sun\Java\bin;C:\windows\system32;C:\windows;C:/Users/sushil.kumari/Desktop/Interview_practice/sts-4.23.1.RELEASE//plugins/org.eclipse.justj.openjdk.hotspot.jre.full.win32.x86_64_21.0.3.v20240426-1530/jre/bin/server;C:/Users/sushil.kumari/Desktop/Interview_practice/sts-4.23.1.RELEASE//plugins/org.eclipse.justj.openjdk.hotspot.jre.full.win32.x86_64_21.0.3.v20240426-1530/jre/bin;C:\Program Files\Zulu\zulu-17-jre\bin\;C:\Program Files\Zulu\zulu-17\bin\;C:\windows\system32;C:\windows;C:\windows\System32\Wbem;C:\windows\System32\WindowsPowerShell\v1.0\;C:\windows\System32\OpenSSH\;C:\Users\sushil.kumari\AppData\Local\Microsoft\WindowsApps;C:\Users\sushil.kumari\AppData\Local\Programs\Git\cmd;C:\Users\sushil.kumari\Desktop\Interview_practice\sts-4.23.1.RELEASE;;."/>
    <property name="java.vm.info" value="mixed mode"/>
    <property name="stderr.encoding" value="Cp1252"/>
    <property name="java.vendor" value="Eclipse Adoptium"/>
    <property name="java.vm.version" value="21.0.3+9-LTS"/>
    <property name="sun.io.unicode.encoding" value="UnicodeLittle"/>
    <property name="java.class.version" value="65.0"/>
  </properties>
  <testcase name="contextLoads" classname="com.example.demo.DemoApplicationTests" time="5.095">
    <system-out><![CDATA[19:57:49.042 [main] INFO org.springframework.test.context.support.AnnotationConfigContextLoaderUtils -- Could not detect default configuration classes for test class [com.example.demo.DemoApplicationTests]: DemoApplicationTests does not declare any static, non-private, non-final, nested classes annotated with @Configuration.
19:57:49.637 [main] INFO org.springframework.boot.test.context.SpringBootTestContextBootstrapper -- Found @SpringBootConfiguration com.example.demo.DemoApplication for test class com.example.demo.DemoApplicationTests
19:57:50.412 [main] INFO org.springframework.boot.devtools.restart.RestartApplicationListener -- Restart disabled due to context in which it is running

  .   ____          _            __ _ _
 /\\ / ___'_ __ _ _(_)_ __  __ _ \ \ \ \
( ( )\___ | '_ | '_| | '_ \/ _` | \ \ \ \
 \\/  ___)| |_)| | | | | || (_| |  ) ) ) )
  '  |____| .__|_| |_|_| |_\__, | / / / /
 =========|_|==============|___/=/_/_/_/

 :: Spring Boot ::                (v3.3.3)

2024-08-27T19:57:51.460+05:30  INFO 11872 --- [           main] com.example.demo.DemoApplicationTests    : Starting DemoApplicationTests using Java 21.0.3 with PID 11872 (started by sushil.kumari in C:\Users\sushil.kumari\Documents\workspace-spring-tool-suite-4-4.23.1.RELEASE\demo)
2024-08-27T19:57:51.465+05:30  INFO 11872 --- [           main] com.example.demo.DemoApplicationTests    : No active profile set, falling back to 1 default profile: "default"
2024-08-27T19:57:54.636+05:30  WARN 11872 --- [           main] trationDelegate$BeanPostProcessorChecker : Bean 'org.springframework.ws.config.annotation.DelegatingWsConfiguration' of type [org.springframework.ws.config.annotation.DelegatingWsConfiguration$$SpringCGLIB$$0] is not eligible for getting processed by all BeanPostProcessors (for example: not eligible for auto-proxying). The currently created BeanPostProcessor [annotationActionEndpointMapping] is declared through a non-static factory method on that class; consider declaring it as static instead.
2024-08-27T19:57:54.783+05:30  INFO 11872 --- [           main] .w.s.a.s.AnnotationActionEndpointMapping : Supporting [WS-Addressing August 2004, WS-Addressing 1.0]
2024-08-27T19:57:56.688+05:30  INFO 11872 --- [           main] com.example.demo.DemoApplicationTests    : Started DemoApplicationTests in 6.349 seconds (process running for 13.912)
]]></system-out>
    <system-err><![CDATA[WARNING: A Java agent has been loaded dynamically (C:\Users\sushil.kumari\.m2\repository\net\bytebuddy\byte-buddy-agent\1.14.19\byte-buddy-agent-1.14.19.jar)
WARNING: If a serviceability tool is in use, please run with -XX:+EnableDynamicAgentLoading to hide this warning
WARNING: If a serviceability tool is not in use, please run with -Djdk.instrument.traceUsage for more information
WARNING: Dynamic loading of agents will be disallowed by default in a future release
]]></system-err>
  </testcase>
</testsuite>